  Bitmap.cpp
  BitmapManager.cpp
c:\users\a07\documents\github\hyunjunglee\mine\hyunjunglee\과제제출\minesweeper_winapi\bitmapmanager.cpp(3): warning C4356: 'Singleton<BitmapManager>::_Singleton': 정적 데이터 멤버는 파생 클래스를 통해 초기화할 수 없습니다.
  Block.cpp
c:\users\a07\documents\github\hyunjunglee\mine\hyunjunglee\과제제출\minesweeper_winapi\block.cpp(11): warning C4244: '=': 'int'에서 'float'(으)로 변환하면서 데이터가 손실될 수 있습니다.
c:\users\a07\documents\github\hyunjunglee\mine\hyunjunglee\과제제출\minesweeper_winapi\block.cpp(12): warning C4244: '=': 'int'에서 'float'(으)로 변환하면서 데이터가 손실될 수 있습니다.
c:\users\a07\documents\github\hyunjunglee\mine\hyunjunglee\과제제출\minesweeper_winapi\block.cpp(21): warning C4244: '=': 'float'에서 'LONG'(으)로 변환하면서 데이터가 손실될 수 있습니다.
c:\users\a07\documents\github\hyunjunglee\mine\hyunjunglee\과제제출\minesweeper_winapi\block.cpp(22): warning C4244: '=': 'float'에서 'LONG'(으)로 변환하면서 데이터가 손실될 수 있습니다.
c:\users\a07\documents\github\hyunjunglee\mine\hyunjunglee\과제제출\minesweeper_winapi\block.cpp(23): warning C4244: '=': 'float'에서 'LONG'(으)로 변환하면서 데이터가 손실될 수 있습니다.
c:\users\a07\documents\github\hyunjunglee\mine\hyunjunglee\과제제출\minesweeper_winapi\block.cpp(24): warning C4244: '=': 'float'에서 'LONG'(으)로 변환하면서 데이터가 손실될 수 있습니다.
c:\users\a07\documents\github\hyunjunglee\mine\hyunjunglee\과제제출\minesweeper_winapi\block.cpp(36): warning C4244: '인수': 'float'에서 'int'(으)로 변환하면서 데이터가 손실될 수 있습니다.
c:\users\a07\documents\github\hyunjunglee\mine\hyunjunglee\과제제출\minesweeper_winapi\block.cpp(38): warning C4244: '인수': 'float'에서 'int'(으)로 변환하면서 데이터가 손실될 수 있습니다.
c:\users\a07\documents\github\hyunjunglee\mine\hyunjunglee\과제제출\minesweeper_winapi\block.cpp(46): warning C4244: '인수': 'float'에서 'int'(으)로 변환하면서 데이터가 손실될 수 있습니다.
c:\users\a07\documents\github\hyunjunglee\mine\hyunjunglee\과제제출\minesweeper_winapi\block.cpp(48): warning C4244: '인수': 'float'에서 'int'(으)로 변환하면서 데이터가 손실될 수 있습니다.
c:\users\a07\documents\github\hyunjunglee\mine\hyunjunglee\과제제출\minesweeper_winapi\block.cpp(54): warning C4244: '인수': 'float'에서 'int'(으)로 변환하면서 데이터가 손실될 수 있습니다.
c:\users\a07\documents\github\hyunjunglee\mine\hyunjunglee\과제제출\minesweeper_winapi\block.cpp(60): warning C4244: '인수': 'float'에서 'int'(으)로 변환하면서 데이터가 손실될 수 있습니다.
c:\users\a07\documents\github\hyunjunglee\mine\hyunjunglee\과제제출\minesweeper_winapi\block.cpp(62): warning C4244: '인수': 'float'에서 'int'(으)로 변환하면서 데이터가 손실될 수 있습니다.
  코드를 생성하고 있습니다...
  컴파일하고 있습니다...
  BlockFactory.cpp
  GameManager.cpp
c:\users\a07\documents\github\hyunjunglee\mine\hyunjunglee\과제제출\minesweeper_winapi\gamemanager.cpp(27): warning C4244: '인수': 'double'에서 'int'(으)로 변환하면서 데이터가 손실될 수 있습니다.
c:\users\a07\documents\github\hyunjunglee\mine\hyunjunglee\과제제출\minesweeper_winapi\gamemanager.cpp(51): warning C4244: '인수': 'double'에서 'int'(으)로 변환하면서 데이터가 손실될 수 있습니다.
c:\users\a07\documents\github\hyunjunglee\mine\hyunjunglee\과제제출\minesweeper_winapi\gamemanager.cpp(67): warning C4244: '초기화 중': 'float'에서 'int'(으)로 변환하면서 데이터가 손실될 수 있습니다.
c:\users\a07\documents\github\hyunjunglee\mine\hyunjunglee\과제제출\minesweeper_winapi\gamemanager.cpp(140): warning C4244: '인수': 'float'에서 'int'(으)로 변환하면서 데이터가 손실될 수 있습니다.
c:\users\a07\documents\github\hyunjunglee\mine\hyunjunglee\과제제출\minesweeper_winapi\gamemanager.cpp(177): warning C4244: '인수': 'double'에서 'int'(으)로 변환하면서 데이터가 손실될 수 있습니다.
c:\users\a07\documents\github\hyunjunglee\mine\hyunjunglee\과제제출\minesweeper_winapi\gamemanager.cpp(181): warning C4244: '인수': 'double'에서 'int'(으)로 변환하면서 데이터가 손실될 수 있습니다.
  Map.cpp
c:\users\a07\documents\github\hyunjunglee\mine\hyunjunglee\과제제출\minesweeper_winapi\map.cpp(24): warning C4244: '초기화 중': 'LONG'에서 'float'(으)로 변환하면서 데이터가 손실될 수 있습니다.
c:\users\a07\documents\github\hyunjunglee\mine\hyunjunglee\과제제출\minesweeper_winapi\map.cpp(25): warning C4244: '초기화 중': 'LONG'에서 'float'(으)로 변환하면서 데이터가 손실될 수 있습니다.
c:\users\a07\documents\github\hyunjunglee\mine\hyunjunglee\과제제출\minesweeper_winapi\map.cpp(27): warning C4244: '인수': 'float'에서 'int'(으)로 변환하면서 데이터가 손실될 수 있습니다.
c:\users\a07\documents\github\hyunjunglee\mine\hyunjunglee\과제제출\minesweeper_winapi\map.cpp(191): warning C4244: '인수': 'float'에서 'int'(으)로 변환하면서 데이터가 손실될 수 있습니다.
  코드를 생성하고 있습니다...
c:\users\a07\documents\github\hyunjunglee\mine\hyunjunglee\과제제출\minesweeper_winapi\map.cpp(206): warning C4715: 'Map::Collision': 모든 제어 경로에서 값을 반환하지는 않습니다.
  컴파일하고 있습니다...
  MineMain.cpp
c:\users\a07\documents\github\hyunjunglee\mine\hyunjunglee\과제제출\minesweeper_winapi\minemain.cpp(105): warning C4996: 'localtime': This function or variable may be unsafe. Consider using localtime_s instead. To disable deprecation, use _CRT_SECURE_NO_WARNINGS. See online help for details.
  c:\program files (x86)\windows kits\10\include\10.0.17763.0\ucrt\time.h(506): note: 'localtime' 선언을 참조하십시오.
  코드를 생성하고 있습니다...
  Minesweeper_Winapi.vcxproj -> C:\Users\A07\Documents\GitHub\HyunjungLEE\Mine\Hyunjunglee\과제제출\Minesweeper_Winapi\x64\Debug\Minesweeper_Winapi.exe
