  ChainedTableMain.cpp
d:\git\hyunjunglee\c_자료구조\코드\문제제출문서\chapter_6\chainedtable.cpp\chainedtable.cpp\chainedtablemain.cpp(24): warning C4244: '인수': 'time_t'에서 'unsigned int'(으)로 변환하면서 데이터가 손실될 수 있습니다.
d:\git\hyunjunglee\c_자료구조\코드\문제제출문서\chapter_6\chainedtable.cpp\chainedtable.cpp\chainedtablemain.cpp(28): warning C4996: 'itoa': The POSIX name for this item is deprecated. Instead, use the ISO C and C++ conformant name: _itoa. See online help for details.
  c:\program files (x86)\windows kits\10\include\10.0.18362.0\ucrt\stdlib.h(1323): note: 'itoa' 선언을 참조하십시오.
d:\git\hyunjunglee\c_자료구조\코드\문제제출문서\chapter_6\chainedtable.cpp\chainedtable.cpp\chainedtablemain.cpp(29): warning C4996: 'strcat': This function or variable may be unsafe. Consider using strcat_s instead. To disable deprecation, use _CRT_SECURE_NO_WARNINGS. See online help for details.
  c:\program files (x86)\windows kits\10\include\10.0.18362.0\ucrt\string.h(90): note: 'strcat' 선언을 참조하십시오.
d:\git\hyunjunglee\c_자료구조\코드\문제제출문서\chapter_6\chainedtable.cpp\chainedtable.cpp\chainedtablemain.cpp(33): warning C4996: 'scanf': This function or variable may be unsafe. Consider using scanf_s instead. To disable deprecation, use _CRT_SECURE_NO_WARNINGS. See online help for details.
  c:\program files (x86)\windows kits\10\include\10.0.18362.0\ucrt\stdio.h(1274): note: 'scanf' 선언을 참조하십시오.
d:\git\hyunjunglee\c_자료구조\코드\문제제출문서\chapter_6\chainedtable.cpp\chainedtable.cpp\chainedtablemain.cpp(36): warning C4996: 'scanf': This function or variable may be unsafe. Consider using scanf_s instead. To disable deprecation, use _CRT_SECURE_NO_WARNINGS. See online help for details.
  c:\program files (x86)\windows kits\10\include\10.0.18362.0\ucrt\stdio.h(1274): note: 'scanf' 선언을 참조하십시오.
d:\git\hyunjunglee\c_자료구조\코드\문제제출문서\chapter_6\chainedtable.cpp\chainedtable.cpp\chainedtablemain.cpp(66): warning C4996: 'scanf': This function or variable may be unsafe. Consider using scanf_s instead. To disable deprecation, use _CRT_SECURE_NO_WARNINGS. See online help for details.
  c:\program files (x86)\windows kits\10\include\10.0.18362.0\ucrt\stdio.h(1274): note: 'scanf' 선언을 참조하십시오.
d:\git\hyunjunglee\c_자료구조\코드\문제제출문서\chapter_6\chainedtable.cpp\chainedtable.cpp\chainedtablemain.cpp(73): warning C4996: 'getch': The POSIX name for this item is deprecated. Instead, use the ISO C and C++ conformant name: _getch. See online help for details.
  c:\program files (x86)\windows kits\10\include\10.0.18362.0\ucrt\conio.h(453): note: 'getch' 선언을 참조하십시오.
d:\git\hyunjunglee\c_자료구조\코드\문제제출문서\chapter_6\chainedtable.cpp\chainedtable.cpp\chainedtablemain.cpp(77): warning C4996: 'scanf': This function or variable may be unsafe. Consider using scanf_s instead. To disable deprecation, use _CRT_SECURE_NO_WARNINGS. See online help for details.
  c:\program files (x86)\windows kits\10\include\10.0.18362.0\ucrt\stdio.h(1274): note: 'scanf' 선언을 참조하십시오.
d:\git\hyunjunglee\c_자료구조\코드\문제제출문서\chapter_6\chainedtable.cpp\chainedtable.cpp\chainedtablemain.cpp(80): warning C4996: 'getch': The POSIX name for this item is deprecated. Instead, use the ISO C and C++ conformant name: _getch. See online help for details.
  c:\program files (x86)\windows kits\10\include\10.0.18362.0\ucrt\conio.h(453): note: 'getch' 선언을 참조하십시오.
d:\git\hyunjunglee\c_자료구조\코드\문제제출문서\chapter_6\chainedtable.cpp\chainedtable.cpp\chainedtablemain.cpp(84): warning C4996: 'scanf': This function or variable may be unsafe. Consider using scanf_s instead. To disable deprecation, use _CRT_SECURE_NO_WARNINGS. See online help for details.
  c:\program files (x86)\windows kits\10\include\10.0.18362.0\ucrt\stdio.h(1274): note: 'scanf' 선언을 참조하십시오.
  ChainedTable.cpp.vcxproj -> D:\Git\Hyunjunglee\C_자료구조\코드\문제제출문서\Chapter_6\ChainedTable.cpp\Debug\ChainedTable.cpp.exe
