  Background.cpp
c:\users\lee\desktop\circuscharlie_movefix\circuscharlie\background.cpp(18): warning C4244: '=': 'double'에서 'float'(으)로 변환하면서 데이터가 손실될 수 있습니다.
c:\users\lee\desktop\circuscharlie_movefix\circuscharlie\background.cpp(19): warning C4244: '=': 'int'에서 'float'(으)로 변환하면서 데이터가 손실될 수 있습니다.
c:\users\lee\desktop\circuscharlie_movefix\circuscharlie\background.cpp(26): warning C4244: '=': 'LONG'에서 'float'(으)로 변환하면서 데이터가 손실될 수 있습니다.
c:\users\lee\desktop\circuscharlie_movefix\circuscharlie\background.cpp(27): warning C4244: '=': 'double'에서 'float'(으)로 변환하면서 데이터가 손실될 수 있습니다.
c:\users\lee\desktop\circuscharlie_movefix\circuscharlie\background.cpp(37): warning C4244: '=': 'int'에서 'float'(으)로 변환하면서 데이터가 손실될 수 있습니다.
c:\users\lee\desktop\circuscharlie_movefix\circuscharlie\background.cpp(65): warning C4244: '초기화 중': 'double'에서 'int'(으)로 변환하면서 데이터가 손실될 수 있습니다.
c:\users\lee\desktop\circuscharlie_movefix\circuscharlie\background.cpp(88): warning C4244: '초기화 중': 'double'에서 'int'(으)로 변환하면서 데이터가 손실될 수 있습니다.
c:\users\lee\desktop\circuscharlie_movefix\circuscharlie\background.cpp(95): warning C4244: '초기화 중': 'float'에서 'int'(으)로 변환하면서 데이터가 손실될 수 있습니다.
c:\users\lee\desktop\circuscharlie_movefix\circuscharlie\background.cpp(96): warning C4244: '초기화 중': 'float'에서 'int'(으)로 변환하면서 데이터가 손실될 수 있습니다.
c:\users\lee\desktop\circuscharlie_movefix\circuscharlie\background.cpp(101): warning C4244: '=': 'int'에서 'float'(으)로 변환하면서 데이터가 손실될 수 있습니다.
c:\users\lee\desktop\circuscharlie_movefix\circuscharlie\background.cpp(102): warning C4244: '=': 'int'에서 'float'(으)로 변환하면서 데이터가 손실될 수 있습니다.
c:\users\lee\desktop\circuscharlie_movefix\circuscharlie\background.cpp(114): warning C4244: '초기화 중': 'float'에서 'int'(으)로 변환하면서 데이터가 손실될 수 있습니다.
c:\users\lee\desktop\circuscharlie_movefix\circuscharlie\background.cpp(115): warning C4244: '초기화 중': 'float'에서 'int'(으)로 변환하면서 데이터가 손실될 수 있습니다.
c:\users\lee\desktop\circuscharlie_movefix\circuscharlie\background.cpp(120): warning C4244: '=': 'int'에서 'float'(으)로 변환하면서 데이터가 손실될 수 있습니다.
c:\users\lee\desktop\circuscharlie_movefix\circuscharlie\background.cpp(121): warning C4244: '=': 'int'에서 'float'(으)로 변환하면서 데이터가 손실될 수 있습니다.
c:\users\lee\desktop\circuscharlie_movefix\circuscharlie\background.cpp(189): warning C4244: '=': 'float'에서 'LONG'(으)로 변환하면서 데이터가 손실될 수 있습니다.
c:\users\lee\desktop\circuscharlie_movefix\circuscharlie\background.cpp(190): warning C4244: '=': 'float'에서 'LONG'(으)로 변환하면서 데이터가 손실될 수 있습니다.
c:\users\lee\desktop\circuscharlie_movefix\circuscharlie\background.cpp(255): warning C4305: '인수': 'double'에서 'float'(으)로 잘립니다.
c:\users\lee\desktop\circuscharlie_movefix\circuscharlie\background.cpp(255): warning C4244: '인수': 'float'에서 'int'(으)로 변환하면서 데이터가 손실될 수 있습니다.
c:\users\lee\desktop\circuscharlie_movefix\circuscharlie\background.cpp(257): warning C4305: '인수': 'double'에서 'float'(으)로 잘립니다.
c:\users\lee\desktop\circuscharlie_movefix\circuscharlie\background.cpp(257): warning C4244: '인수': 'float'에서 'int'(으)로 변환하면서 데이터가 손실될 수 있습니다.
c:\users\lee\desktop\circuscharlie_movefix\circuscharlie\background.cpp(265): warning C4244: '인수': 'float'에서 'int'(으)로 변환하면서 데이터가 손실될 수 있습니다.
c:\users\lee\desktop\circuscharlie_movefix\circuscharlie\background.cpp(270): warning C4244: '인수': 'float'에서 'int'(으)로 변환하면서 데이터가 손실될 수 있습니다.
c:\users\lee\desktop\circuscharlie_movefix\circuscharlie\background.cpp(272): warning C4244: '인수': 'float'에서 'int'(으)로 변환하면서 데이터가 손실될 수 있습니다.
c:\users\lee\desktop\circuscharlie_movefix\circuscharlie\background.cpp(276): warning C4244: '인수': 'float'에서 'int'(으)로 변환하면서 데이터가 손실될 수 있습니다.
c:\users\lee\desktop\circuscharlie_movefix\circuscharlie\background.cpp(281): warning C4244: '인수': 'float'에서 'int'(으)로 변환하면서 데이터가 손실될 수 있습니다.
  Bitmap.cpp
c:\users\lee\desktop\circuscharlie_movefix\circuscharlie\bitmap.cpp(34): warning C4244: '인수': 'float'에서 'int'(으)로 변환하면서 데이터가 손실될 수 있습니다.
c:\users\lee\desktop\circuscharlie_movefix\circuscharlie\bitmap.cpp(40): warning C4244: '인수': 'float'에서 'int'(으)로 변환하면서 데이터가 손실될 수 있습니다.
  BitmapManager.cpp
c:\users\lee\desktop\circuscharlie_movefix\circuscharlie\bitmapmanager.cpp(3): warning C4356: 'Singleton<BitMapManager>::_Singleton': 정적 데이터 멤버는 파생 클래스를 통해 초기화할 수 없습니다.
  CircusMain.cpp
  Enemy.cpp
c:\users\lee\desktop\circuscharlie_movefix\circuscharlie\enemy.cpp(60): warning C4244: '=': 'LONG'에서 'float'(으)로 변환하면서 데이터가 손실될 수 있습니다.
c:\users\lee\desktop\circuscharlie_movefix\circuscharlie\enemy.cpp(205): warning C4244: '=': 'float'에서 'LONG'(으)로 변환하면서 데이터가 손실될 수 있습니다.
c:\users\lee\desktop\circuscharlie_movefix\circuscharlie\enemy.cpp(206): warning C4244: '=': 'float'에서 'LONG'(으)로 변환하면서 데이터가 손실될 수 있습니다.
c:\users\lee\desktop\circuscharlie_movefix\circuscharlie\enemy.cpp(218): warning C4244: '=': 'float'에서 'LONG'(으)로 변환하면서 데이터가 손실될 수 있습니다.
c:\users\lee\desktop\circuscharlie_movefix\circuscharlie\enemy.cpp(221): warning C4244: '=': 'float'에서 'LONG'(으)로 변환하면서 데이터가 손실될 수 있습니다.
c:\users\lee\desktop\circuscharlie_movefix\circuscharlie\enemy.cpp(225): warning C4244: '=': 'float'에서 'LONG'(으)로 변환하면서 데이터가 손실될 수 있습니다.
c:\users\lee\desktop\circuscharlie_movefix\circuscharlie\enemy.cpp(230): warning C4244: '=': 'float'에서 'LONG'(으)로 변환하면서 데이터가 손실될 수 있습니다.
c:\users\lee\desktop\circuscharlie_movefix\circuscharlie\enemy.cpp(233): warning C4244: '=': 'float'에서 'LONG'(으)로 변환하면서 데이터가 손실될 수 있습니다.
c:\users\lee\desktop\circuscharlie_movefix\circuscharlie\enemy.cpp(237): warning C4244: '=': 'float'에서 'LONG'(으)로 변환하면서 데이터가 손실될 수 있습니다.
c:\users\lee\desktop\circuscharlie_movefix\circuscharlie\enemy.cpp(241): warning C4244: '=': 'float'에서 'LONG'(으)로 변환하면서 데이터가 손실될 수 있습니다.
c:\users\lee\desktop\circuscharlie_movefix\circuscharlie\enemy.cpp(316): warning C4244: '인수': 'float'에서 'int'(으)로 변환하면서 데이터가 손실될 수 있습니다.
c:\users\lee\desktop\circuscharlie_movefix\circuscharlie\enemy.cpp(328): warning C4305: '인수': 'double'에서 'float'(으)로 잘립니다.
c:\users\lee\desktop\circuscharlie_movefix\circuscharlie\enemy.cpp(328): warning C4244: '인수': 'float'에서 'int'(으)로 변환하면서 데이터가 손실될 수 있습니다.
c:\users\lee\desktop\circuscharlie_movefix\circuscharlie\enemy.cpp(331): warning C4305: '인수': 'double'에서 'float'(으)로 잘립니다.
c:\users\lee\desktop\circuscharlie_movefix\circuscharlie\enemy.cpp(331): warning C4244: '인수': 'float'에서 'int'(으)로 변환하면서 데이터가 손실될 수 있습니다.
c:\users\lee\desktop\circuscharlie_movefix\circuscharlie\enemy.cpp(345): warning C4244: '인수': 'float'에서 'int'(으)로 변환하면서 데이터가 손실될 수 있습니다.
c:\users\lee\desktop\circuscharlie_movefix\circuscharlie\enemy.cpp(345): warning C4244: '인수': 'double'에서 'int'(으)로 변환하면서 데이터가 손실될 수 있습니다.
c:\users\lee\desktop\circuscharlie_movefix\circuscharlie\enemy.cpp(346): warning C4305: '인수': 'double'에서 'float'(으)로 잘립니다.
c:\users\lee\desktop\circuscharlie_movefix\circuscharlie\enemy.cpp(346): warning C4244: '인수': 'float'에서 'int'(으)로 변환하면서 데이터가 손실될 수 있습니다.
c:\users\lee\desktop\circuscharlie_movefix\circuscharlie\enemy.cpp(349): warning C4305: '인수': 'double'에서 'float'(으)로 잘립니다.
c:\users\lee\desktop\circuscharlie_movefix\circuscharlie\enemy.cpp(349): warning C4244: '인수': 'float'에서 'int'(으)로 변환하면서 데이터가 손실될 수 있습니다.
  Font.cpp
  GameManager.cpp
c:\users\lee\desktop\circuscharlie_movefix\circuscharlie\gamemanager.cpp(50): warning C4244: '초기화 중': 'double'에서 'int'(으)로 변환하면서 데이터가 손실될 수 있습니다.
c:\users\lee\desktop\circuscharlie_movefix\circuscharlie\gamemanager.cpp(51): warning C4244: '초기화 중': 'double'에서 'int'(으)로 변환하면서 데이터가 손실될 수 있습니다.
c:\users\lee\desktop\circuscharlie_movefix\circuscharlie\gamemanager.cpp(57): warning C4244: '=': 'double'에서 'float'(으)로 변환하면서 데이터가 손실될 수 있습니다.
c:\users\lee\desktop\circuscharlie_movefix\circuscharlie\gamemanager.cpp(58): warning C4244: '=': 'int'에서 'float'(으)로 변환하면서 데이터가 손실될 수 있습니다.
c:\users\lee\desktop\circuscharlie_movefix\circuscharlie\gamemanager.cpp(66): warning C4244: '=': 'double'에서 'float'(으)로 변환하면서 데이터가 손실될 수 있습니다.
c:\users\lee\desktop\circuscharlie_movefix\circuscharlie\gamemanager.cpp(67): warning C4244: '=': 'double'에서 'float'(으)로 변환하면서 데이터가 손실될 수 있습니다.
c:\users\lee\desktop\circuscharlie_movefix\circuscharlie\gamemanager.cpp(71): warning C4244: '=': 'double'에서 'int'(으)로 변환하면서 데이터가 손실될 수 있습니다.
c:\users\lee\desktop\circuscharlie_movefix\circuscharlie\gamemanager.cpp(75): warning C4244: '초기화 중': 'double'에서 'int'(으)로 변환하면서 데이터가 손실될 수 있습니다.
c:\users\lee\desktop\circuscharlie_movefix\circuscharlie\gamemanager.cpp(76): warning C4244: '=': 'double'에서 'int'(으)로 변환하면서 데이터가 손실될 수 있습니다.
c:\users\lee\desktop\circuscharlie_movefix\circuscharlie\gamemanager.cpp(81): warning C4244: '=': 'int'에서 'float'(으)로 변환하면서 데이터가 손실될 수 있습니다.
c:\users\lee\desktop\circuscharlie_movefix\circuscharlie\gamemanager.cpp(82): warning C4244: '=': 'int'에서 'float'(으)로 변환하면서 데이터가 손실될 수 있습니다.
c:\users\lee\desktop\circuscharlie_movefix\circuscharlie\gamemanager.cpp(86): warning C4244: '=': 'double'에서 'int'(으)로 변환하면서 데이터가 손실될 수 있습니다.
c:\users\lee\desktop\circuscharlie_movefix\circuscharlie\gamemanager.cpp(91): warning C4244: '초기화 중': 'double'에서 'int'(으)로 변환하면서 데이터가 손실될 수 있습니다.
c:\users\lee\desktop\circuscharlie_movefix\circuscharlie\gamemanager.cpp(92): warning C4244: '=': 'double'에서 'int'(으)로 변환하면서 데이터가 손실될 수 있습니다.
c:\users\lee\desktop\circuscharlie_movefix\circuscharlie\gamemanager.cpp(97): warning C4244: '=': 'int'에서 'float'(으)로 변환하면서 데이터가 손실될 수 있습니다.
c:\users\lee\desktop\circuscharlie_movefix\circuscharlie\gamemanager.cpp(98): warning C4244: '=': 'int'에서 'float'(으)로 변환하면서 데이터가 손실될 수 있습니다.
c:\users\lee\desktop\circuscharlie_movefix\circuscharlie\gamemanager.cpp(223): warning C4101: 'str' :참조되지 않은 지역 변수입니다.
c:\users\lee\desktop\circuscharlie_movefix\circuscharlie\gamemanager.cpp(363): warning C4244: '인수': 'float'에서 'int'(으)로 변환하면서 데이터가 손실될 수 있습니다.
c:\users\lee\desktop\circuscharlie_movefix\circuscharlie\gamemanager.cpp(394): warning C4838: 'double'에서 'LONG'(으)로의 변환에는 축소 변환이 필요합니다.
c:\users\lee\desktop\circuscharlie_movefix\circuscharlie\gamemanager.cpp(394): warning C4244: '초기화 중': 'double'에서 'LONG'(으)로 변환하면서 데이터가 손실될 수 있습니다.
c:\users\lee\desktop\circuscharlie_movefix\circuscharlie\gamemanager.cpp(399): warning C4244: '인수': 'double'에서 'int'(으)로 변환하면서 데이터가 손실될 수 있습니다.
c:\users\lee\desktop\circuscharlie_movefix\circuscharlie\gamemanager.cpp(401): warning C4244: '인수': 'double'에서 'int'(으)로 변환하면서 데이터가 손실될 수 있습니다.
c:\users\lee\desktop\circuscharlie_movefix\circuscharlie\gamemanager.cpp(414): warning C4244: '인수': 'double'에서 'int'(으)로 변환하면서 데이터가 손실될 수 있습니다.
c:\users\lee\desktop\circuscharlie_movefix\circuscharlie\gamemanager.cpp(427): warning C4244: '인수': 'double'에서 'int'(으)로 변환하면서 데이터가 손실될 수 있습니다.
c:\users\lee\desktop\circuscharlie_movefix\circuscharlie\gamemanager.cpp(447): warning C4244: '인수': 'double'에서 'int'(으)로 변환하면서 데이터가 손실될 수 있습니다.
  Player.cpp
c:\users\lee\desktop\circuscharlie_movefix\circuscharlie\player.cpp(215): warning C4244: '=': 'float'에서 'LONG'(으)로 변환하면서 데이터가 손실될 수 있습니다.
c:\users\lee\desktop\circuscharlie_movefix\circuscharlie\player.cpp(216): warning C4244: '=': 'float'에서 'LONG'(으)로 변환하면서 데이터가 손실될 수 있습니다.
c:\users\lee\desktop\circuscharlie_movefix\circuscharlie\player.cpp(227): warning C4244: '인수': 'float'에서 'int'(으)로 변환하면서 데이터가 손실될 수 있습니다.
  코드를 생성하고 있습니다...
  CircusCharlie.vcxproj -> C:\Users\LEE\Desktop\CircusCharlie_MoveFix\x64\Debug\CircusCharlie.exe
